<?xml version="1.0" encoding="UTF-8"?>
<!-- Generated by org.testng.reporters.JUnitReportReporter -->
<testsuite hostname="LAPTOP-PSOPE6TS" failures="0" tests="4" name="com.hackathon.test.Cruises" time="28.476" errors="0" timestamp="2023-04-05T18:50:58 IST" skipped="0">
  <testcase classname="com.hackathon.test.Cruises" name="searchCruise" time="6.772"/>
  <system-out/>
  <testcase classname="com.hackathon.test.Cruises" name="getCruiseDetails" time="9.029"/>
  <system-out/>
  <testcase classname="com.hackathon.test.Cruises" name="getLanguageDetails" time="8.407"/>
  <system-out/>
  <testcase classname="com.hackathon.test.Cruises" name="cruisesHomePage" time="4.268"/>
  <system-out/>
</testsuite> <!-- com.hackathon.test.Cruises -->
