<?xml version="1.0" encoding="UTF-8"?>
<!-- Generated by org.testng.reporters.JUnitReportReporter -->
<testsuite hostname="LAPTOP-PSOPE6TS" failures="0" tests="7" name="com.hackathon.test.HolidayHomes" time="76.791" errors="0" timestamp="2023-04-05T18:50:58 IST" skipped="0">
  <testcase classname="com.hackathon.test.HolidayHomes" name="getTripadvisorHomePage" time="3.859"/>
  <system-out/>
  <testcase classname="com.hackathon.test.HolidayHomes" name="fetchData" time="10.272"/>
  <system-out/>
  <testcase classname="com.hackathon.test.HolidayHomes" name="getSearch" time="20.783"/>
  <system-out/>
  <testcase classname="com.hackathon.test.HolidayHomes" name="setNoOfPeople" time="12.952"/>
  <system-out/>
  <testcase classname="com.hackathon.test.HolidayHomes" name="setDates" time="10.747"/>
  <system-out/>
  <testcase classname="com.hackathon.test.HolidayHomes" name="selectLiftOption" time="9.496"/>
  <system-out/>
  <testcase classname="com.hackathon.test.HolidayHomes" name="setSortByTravellerRating" time="8.682"/>
  <system-out/>
</testsuite> <!-- com.hackathon.test.HolidayHomes -->
